This is LuaTeX, Version beta-0.79.1 (TeX Live 2015/dev/Debian) (rev 4971)  (format=luatex 2017.3.24)  14 JUN 2017 07:08
**wooden-head-hsb-notifier.luatex \bye
(./wooden-head-hsb-notifier.luatex (./wooden-head-hsb-notifier.iluatex (./cpf-f
ontload.iluatex (/usr/share/texlive/texmf-dist/tex/luatex/luaotfload/luaotfload
.sty (/usr/share/texlive/texmf-dist/tex/luatex/luatexbase/luatexbase.sty
Package: luatexbase 2013/05/11 v0.6 Resource management for the LuaTeX macro pro
grammer
(/usr/share/texlive/texmf-dist/tex/generic/oberdiek/ifluatex.sty
Package: ifluatex 2010/03/01 v1.3 Provides the ifluatex switch (HO)
Package ifluatex Info: LuaTeX detected.
) (/usr/share/texlive/texmf-dist/tex/generic/oberdiek/luatex.sty
Package: luatex 2010/03/09 v0.4 LuaTeX basic definition package (HO)
(/usr/share/texlive/texmf-dist/tex/generic/oberdiek/infwarerr.sty
Package: infwarerr 2010/04/08 v1.3 Providing info/warning/error messages (HO)
) (/usr/share/texlive/texmf-dist/tex/generic/oberdiek/ifluatex.sty
Package ifluatex Info: The package is already loaded.
)
\@tempcnta=\count277
\@tempcntb=\count278
\LuT@AllocAttribute=\count279
\LuT@AllocCatcodeTable=\count280
\CatcodeTableStack=\count281
\CatcodeTableIniTeX=\catcodetable1
\CatcodeTableString=\catcodetable3
\CatcodeTableOther=\catcodetable5
\CatcodeTableLaTeX=\catcodetable7
(/usr/share/texlive/texmf-dist/tex/generic/oberdiek/luatex-loader.sty
Package: luatex-loader 2010/03/09 v0.4 Lua module loader (HO)
(/usr/share/texlive/texmf-dist/scripts/oberdiek/oberdiek.luatex.lua))) (/usr/sh
are/texlive/texmf-dist/tex/luatex/luatexbase/luatexbase-compat.sty
Package: luatexbase-compat 2011/05/24 v0.4 Compatibility tools for LuaTeX
(/usr/share/texlive/texmf-dist/tex/generic/oberdiek/ifluatex.sty
Package ifluatex Info: The package is already loaded.
)) (/usr/share/texlive/texmf-dist/tex/luatex/luatexbase/luatexbase-modutils.sty
Package: luatexbase-modutils 2013/05/11 v0.6 Module utilities for LuaTeX
(/usr/share/texlive/texmf-dist/tex/generic/oberdiek/ifluatex.sty
Package ifluatex Info: The package is already loaded.
) (/usr/share/texlive/texmf-dist/tex/luatex/luatexbase/luatexbase-loader.sty
Package: luatexbase-loader 2013/05/11 v0.6 Lua module loader for LuaTeX
(/usr/share/texlive/texmf-dist/tex/generic/oberdiek/ifluatex.sty
Package ifluatex Info: The package is already loaded.
) (/usr/share/texlive/texmf-dist/tex/luatex/luatexbase/luatexbase-compat.sty)
(/usr/share/texlive/texmf-dist/tex/luatex/luatexbase/luatexbase.loader.lua))
(/usr/share/texlive/texmf-dist/tex/luatex/luatexbase/modutils.lua)
Lua module: luatexbase-modutils 2013/05/11 0.6 Module utilities for LuaTeX
) (/
usr/share/texlive/texmf-dist/tex/luatex/luatexbase/luatexbase-loader.sty) (/usr
/share/texlive/texmf-dist/tex/luatex/luatexbase/luatexbase-regs.sty
Package: luatexbase-regs 2011/05/24 v0.4 Registers allocation for LuaTeX
(/usr/share/texlive/texmf-dist/tex/generic/oberdiek/ifluatex.sty
Package ifluatex Info: The package is already loaded.
)) (/usr/share/texlive/texmf-dist/tex/luatex/luatexbase/luatexbase-attr.sty
Package: luatexbase-attr 2013/05/11 v0.6 Attributes allocation for LuaTeX
(/usr/share/texlive/texmf-dist/tex/generic/oberdiek/ifluatex.sty
Package ifluatex Info: The package is already loaded.
) (/usr/share/texlive/texmf-dist/tex/luatex/luatexbase/luatexbase-modutils.sty) (/usr/share/texlive/texmf-dist/tex/generic/oberdiek/luatex.sty
Package luatex Info: The package is already loaded.
)
(/usr/share/texlive/texmf-dist/tex/luatex/luatexbase/attr.lua)
Lua module: luatexbase-attr 2013/05/11 0.6 Attributes allocation for LuaTeX

\lltxb@attr@unsetvalue=\count282
) (/usr/share/texlive/texmf-dist/tex/luatex/luatexbase/luatexbase-cctb.sty
Package: luatexbase-cctb 2013/05/11 v0.6 Catcodetable allocation for LuaTeX
(/usr/share/texlive/texmf-dist/tex/generic/oberdiek/ifluatex.sty
Package ifluatex Info: The package is already loaded.
) (/usr/share/texlive/texmf-dist/tex/luatex/luatexbase/luatexbase-modutils.sty)
(/usr/share/texlive/texmf-dist/tex/luatex/luatexbase/cctb.lua)
Lua module: luatexbase-cctb 2013/05/11 0.6 Catcodetable allocation for LuaTeX

\lltxb@catcodetable@alloc=\count283
\CatcodeTableStack=\count284
\CatcodeTableIniTeX=\luatexcatcodetable1
\CatcodeTableString=\luatexcatcodetable3
\CatcodeTableOther=\luatexcatcodetable5
\CatcodeTableLaTeX=\luatexcatcodetable7
\CatcodeTableLaTeXAtLetter=\luatexcatcodetable9
\CatcodeTableExpl=\luatexcatcodetable11
) (/usr/share/texlive/texmf-dist/tex/luatex/luatexbase/luatexbase-mcb.sty
Package: luatexbase-mcb 2013/05/11 v0.6 Callback management for LuaTeX
(/usr/share/texlive/texmf-dist/tex/generic/oberdiek/ifluatex.sty
Package ifluatex Info: The package is already loaded.
) (/usr/share/texlive/texmf-dist/tex/luatex/luatexbase/luatexbase-modutils.sty)
(/usr/share/texlive/texmf-dist/tex/luatex/luatexbase/mcb.lua)
Lua module: luatexbase-mcb 2013/05/11 0.6 register several functions in a callba
ck
))
(/usr/share/texlive/texmf-dist/tex/luatex/luaotfload/luaotfload-main.lua)
Lua module: luaotfload-main 2014/08/10 2.50003 OpenType layout system.

(/usr/share/texlive/texmf-dist/tex/luatex/luaotfload/luaotfload-log.lua)
(/usr/share/texlive/texmf-dist/tex/luatex/luaotfload/luaotfload-fontloader.lua)(
using write cache: /home/dave/.texmf-var/luatex-cache/generic)(using read cache:
 /var/lib/texmf/luatex-cache/generic /home/dave/.texmf-var/luatex-cache/generic)
luatexbase-attr: luatexbase.attributes["luaotfload@kernpair"] = 1
luatexbase-attr: luatexbase.attributes["luaotfload@ligacomp"] = 2
luatexbase-attr: luatexbase.attributes["luaotfload@markbase"] = 3
luatexbase-attr: luatexbase.attributes["luaotfload@markmark"] = 4
luatexbase-attr: luatexbase.attributes["luaotfload@markdone"] = 5
luatexbase-attr: luatexbase.attributes["luaotfload@cursbase"] = 6
luatexbase-attr: luatexbase.attributes["luaotfload@curscurs"] = 7
luatexbase-attr: luatexbase.attributes["luaotfload@cursdone"] = 8
luatexbase-attr: luatexbase.attributes["luaotfload@state"] = 9
luaotfload | main : fontloader loaded in 0.020 seconds
luatexbase-mcb: inserting 'luaotfload.node_processor'
at position 1 in 'pre_line
break_filter'
luatexbase-mcb: inserting 'luaotfload.node_processor'
at position 1 in 'hpack_fi
lter'
luatexbase-mcb: inserting 'luaotfload.find_vf_file'
at position 1 in 'find_vf_fi
le'
(/usr/share/texlive/texmf-dist/tex/luatex/luaotfload/luaotfload-override.lua)
(/usr/share/texlive/texmf-dist/tex/luatex/luaotfload/luaotfload-parsers.lua)
(/usr/share/texlive/texmf-dist/tex/luatex/luaotfload/luaotfload-configuration.lu
a)
(/usr/share/texlive/texmf-dist/tex/luatex/luaotfload/luaotfload-status.lua)
luaotfload | conf : Root cache directory is /home/dave/.texmf-var/luatex-cache/g
eneric/names.
(/usr/share/texlive/texmf-dist/tex/luatex/luaotfload/luaotfload-loaders.lua)
(/usr/share/texlive/texmf-dist/tex/luatex/luaotfload/luaotfload-database.lua)
(/usr/share/texlive/texmf-dist/tex/luatex/luaotfload/luaotfload-colors.lua)
luaotfload | conf : Root cache directory is /home/dave/.texmf-var/luatex-cache/g
eneric/names.
luatexbase-mcb: creating 'luaotfload.resolve_font' type 4
luatexbase-mcb: creating 'luaotfload.patch_font' type 4
luatexbase-mcb: resetting callback 'define_font'
luatexbase-mcb: inserting 'luaotfload.define_font'
at position 1 in 'define_font
'
(/usr/share/texlive/texmf-dist/tex/luatex/luaotfload/luaotfload-features.lua)
(/usr/share/texlive/texmf-dist/tex/luatex/luaotfload/luaotfload-letterspace.lua)
(/usr/share/texlive/texmf-dist/tex/luatex/luaotfload/luaotfload-auxiliary.lua)
luatexbase-mcb: inserting 'luaotfload.aux.set_sscale_dimens'
at position 1 in 'l
uaotfload.patch_font'
luatexbase-mcb: inserting 'luaotfload.aux.patch_cambria_domh'
at position 2 in '
luaotfload.patch_font'
luatexbase-mcb: inserting 'luaotfload.aux.set_capheight'
at position 3 in 'luaot
fload.patch_font'
luatexbase-mcb: inserting 'luaotfload.rewrite_fontname'
at position 4 in 'luaotf
load.patch_font') Now loading cpf-fontload.iluatex.
luaotfload | cache : Lookup cache loaded from /home/dave/.texmf-var/luatex-cache
/generic/names/luaotfload-lookup-cache.luc.
luaotfload | db : Font names database loaded from /home/dave/.texmf-var/luatex-c
ache/generic/names/luaotfload-names.luc
luaotfload | load : Lookup/name: "Linux Libertine O" -> "LinLibertine_R.otf"(com
piling luc: /var/lib/texmf/luatex-cache/generic/fonts/otf/linlibertine-r.luc)(lo
ad luc: /home/dave/.texmf-var/luatex-cache/generic/fonts/otf/linlibertine-r.luc)
luaotfload | load : Lookup/name: "TeXGyreCursor" -> "texgyrecursor-regular.otf"(
compiling luc: /var/lib/texmf/luatex-cache/generic/fonts/otf/texgyrecursor-regul
ar.luc)(load luc: /home/dave/.texmf-var/luatex-cache/generic/fonts/otf/texgyrecu
rsor-regular.luc))
luaotfload | load : Lookup/name: "Linux Libertine O" -> "LinLibertine_R.otf")
Overfull \hbox (0.26181pt too wide) in paragraph at lines 15--16
[]\libertineregular A very sim-ple BASH shell script, which re-ports whether th
e Hack-|

\hbox(6.98+2.34)x264.0, glue set - 1.0, direction TLT
.\whatsit
..\localinterlinepenalty=0
..\localbrokenpenalty=0
..\localleftbox=null
..\localrightbox=null
.\libertineregular A
.\glue 2.5 plus 1.24875 minus 0.83415
.\libertineregular v
.\kern -0.07999
.etc.


Overfull \hbox (13.9593pt too wide) in paragraph at lines 25--30
[][]\libertineregular It pro-cesses the re-sult-ing JSON stream with the pro-gr
am \texgyrecursor jshon\libertineregular .|

\hbox(6.98+2.38)x264.0, glue set - 1.0, direction TLT
.\whatsit
..\localinterlinepenalty=0
..\localbrokenpenalty=0
..\localleftbox=null
..\localrightbox=null
.\hbox(0.0+0.0)x20.0, direction TLT
.\libertineregular I
.\libertineregular t
.\glue 2.5 plus 1.25 minus 0.83333
.etc.

) [1{/var/lib/texmf/fonts/map/pdftex/updmap/pdftex.map}]</usr/share/texmf/fonts/
opentype/public/tex-gyre/texgyrecursor-regular.otf></usr/share/fonts/opentype/li
nux-libertine/LinLibertine_R.otf><</usr/share/texlive/texmf-dist/fonts/type1/pub
lic/amsfonts/cm/cmr10.pfb>
Output written on wooden-head-hsb-notifier.pdf (1 page, 22046 bytes).

PDF statistics: 26 PDF objects out of 1000 (max. 8388607)
 15 compressed objects within 1 object stream
 0 named destinations out of 1000 (max. 131072)
 1 words of extra memory for PDF output out of 10000 (max. 10000000)

